{
  "RSpec": {
    "coverage": {
      "C:/Users/lil/Desktop/web/ruby_lab/app.rb": [
        null,
        null,
        1,
        1,
        1,
        1,
        1,
        1,
        1,
        1,
        null,
        1,
        null,
        1,
        1,
        1,
        null,
        null,
        1,
        1,
        0,
        0,
        0,
        0,
        null,
        null,
        null,
        null,
        1,
        null,
        1,
        1,
        1,
        1,
        null,
        0,
        null,
        2,
        1,
        1,
        null,
        0,
        null,
        1,
        null,
        null,
        1,
        1,
        1,
        1,
        1,
        1,
        1,
        1,
        1,
        1,
        null,
        null,
        1,
        36,
        36,
        null,
        null,
        1,
        1,
        null,
        null,
        1,
        6,
        6,
        6,
        null,
        null,
        1,
        1,
        1,
        null,
        1,
        1,
        null,
        null,
        1,
        null,
        null,
        1,
        4,
        4,
        null,
        null,
        1,
        1,
        null,
        null,
        1,
        1,
        1,
        null,
        null,
        1,
        1,
        null,
        1,
        null,
        1,
        1,
        1,
        null,
        0,
        null,
        null,
        null,
        1,
        3,
        3,
        2,
        null,
        3,
        3,
        null,
        null,
        1,
        1,
        1,
        1,
        null,
        null,
        1,
        1,
        1,
        1,
        null,
        null,
        1,
        1,
        null,
        null,
        1,
        3,
        3,
        3,
        3,
        3,
        1,
        1,
        1,
        1,
        null,
        null,
        3,
        null,
        null,
        1,
        4,
        null,
        null,
        1,
        1,
        1,
        null,
        null,
        1,
        4,
        4,
        null,
        4,
        3,
        3,
        null,
        1,
        1,
        null,
        null,
        1,
        1,
        null,
        null,
        1,
        2,
        2,
        null,
        2,
        2,
        1,
        1,
        null,
        1,
        1,
        null
      ],
      "C:/Users/lil/Desktop/web/ruby_lab/lib/trains.rb": [
        null,
        null,
        1,
        null,
        null,
        1,
        1,
        3,
        null,
        null,
        1,
        7,
        null,
        null,
        1,
        2,
        null,
        null,
        1,
        21,
        null,
        null,
        1,
        1,
        null,
        null,
        1,
        2,
        null,
        null
      ],
      "C:/Users/lil/Desktop/web/ruby_lab/lib/train.rb": [
        null,
        null,
        1,
        null,
        null,
        1,
        1,
        null,
        1,
        5,
        5,
        5,
        5,
        5,
        5,
        5,
        5,
        5,
        null,
        null
      ],
      "C:/Users/lil/Desktop/web/ruby_lab/lib/auxiliary_items/user_list.rb": [
        null,
        null,
        1,
        1,
        1,
        null,
        null,
        1,
        3,
        null,
        null,
        1,
        36,
        null,
        null,
        1,
        3,
        4,
        null,
        null,
        null,
        null,
        1,
        4,
        6,
        null,
        1,
        null,
        null,
        1,
        2,
        2,
        null,
        1,
        null,
        null
      ],
      "C:/Users/lil/Desktop/web/ruby_lab/lib/auxiliary_items/user.rb": [
        null,
        null,
        1,
        null,
        null,
        1,
        1,
        null,
        1,
        8,
        8,
        8,
        8,
        null,
        null,
        1,
        10,
        6,
        null,
        4,
        null,
        null,
        null,
        1,
        24,
        null,
        null
      ],
      "C:/Users/lil/Desktop/web/ruby_lab/lib/auxiliary_items/checker.rb": [
        null,
        null,
        null,
        1,
        1,
        1,
        null,
        1,
        null,
        1,
        null,
        1,
        1,
        null,
        null,
        1,
        1,
        null,
        null,
        1,
        1,
        null,
        null,
        1,
        0,
        null,
        null,
        1,
        7,
        null,
        7,
        7,
        7,
        7,
        null,
        7,
        null,
        null,
        null,
        1,
        9,
        9,
        null,
        9,
        9,
        9,
        8,
        7,
        null,
        null,
        1,
        1,
        null,
        1,
        1,
        1,
        1,
        1,
        1,
        null,
        1,
        null,
        1,
        null,
        1,
        0,
        null,
        null,
        1,
        1,
        1,
        null,
        1,
        null,
        1,
        0,
        null,
        null
      ],
      "C:/Users/lil/Desktop/web/ruby_lab/lib/auxiliary_items/search.rb": [
        null,
        null,
        1,
        1,
        1,
        null,
        null,
        1,
        1,
        1,
        1,
        4,
        1,
        null,
        1,
        1,
        null,
        null,
        1,
        1,
        null,
        null,
        1,
        1,
        null,
        null,
        1,
        null,
        1,
        null,
        null,
        1,
        1,
        1,
        1,
        4,
        4,
        null,
        null,
        1,
        2,
        null,
        null,
        1,
        null,
        null,
        1,
        null,
        null,
        null,
        1,
        1,
        1,
        4,
        4,
        null,
        null,
        1,
        null,
        null,
        1,
        null,
        null,
        null,
        1,
        1,
        1,
        4,
        4,
        null,
        null,
        1,
        1441,
        1,
        1,
        null,
        1,
        4,
        2,
        2,
        2,
        62,
        62,
        null,
        2,
        null,
        2,
        2,
        2,
        62,
        62,
        null,
        2,
        2,
        null,
        null,
        null,
        0,
        null,
        1,
        null,
        null
      ]
    },
    "timestamp": 1561111347
  }
}
